2025-12-05T03:30:45.0792787  [efris]  [OK] INVOICE_QUERY-1764894644603 - Offline TCS OK, invoiceNo=325042742413
2025-12-05T03:30:45.0812935  [efris]  CN-19 building payload
2025-12-05T03:30:56.3035239  [efris]  [ERR] CREDIT_NOTE-1764894645097 - Offline TCS error: 2197 - Some items details are inconsistent with the goods maintenance.(BREAD 1KG's unit of measure does not match)
2025-12-05T03:30:56.306523  [efris]  [ERR] CN-19 - FAILED 2197 - Some items details are inconsistent with the goods maintenance.(BREAD 1KG's unit of measure does not match)
2025-12-05T03:32:29.9568754  [efris]  [OK] SALE-1764894748700 - Offline TCS OK, invoiceNo=325042754041
2025-12-05T03:34:01.3402361  [efris]  [OK] INVOICE_QUERY-1764894839576 - Offline TCS OK, invoiceNo=325042754041
2025-12-05T03:34:01.341237  [efris]  CN-47 building payload
2025-12-05T03:34:10.487499  [efris]  [OK] CREDIT_NOTE-1764894841357 - Offline TCS OK, invoiceNo=null
2025-12-05T03:34:10.4915005  [efris]  [OK] CN-47 - CREDIT NOTE SENT: REF=26PL023007753
2025-12-05T03:37:09.0400477  [efris]  [OK] SALE-1764895027695 - Offline TCS OK, invoiceNo=325042754059
2025-12-05T03:38:10.3431441  [efris]  [OK] INVOICE_QUERY-1764895088817 - Offline TCS OK, invoiceNo=325042754059
2025-12-05T03:38:10.346143  [efris]  CN-48 building payload
2025-12-05T03:38:12.3371921  [efris]  [OK] CREDIT_NOTE-1764895090365 - Offline TCS OK, invoiceNo=null
2025-12-05T03:38:12.3401924  [efris]  [OK] CN-48 - CREDIT NOTE SENT: REF=26PL023007754
2025-12-05T17:20:45.3941791  [efris]  [ERR] SALE-1764944444905 - Offline TCS error: 1600 - Goods/Services Code:BREAD01--Goods/Services Name:BREAD 1KG-->Inventory shortage!
2025-12-05T17:28:13.4640239  [efris]  [OK] SALE-1764944892396 - Offline TCS OK, invoiceNo=325042755472
2025-12-05T17:28:52.2833622  [efris]  [OK] INVOICE_QUERY-1764944931115 - Offline TCS OK, invoiceNo=325042755472
2025-12-05T17:28:52.2873612  [efris]  CN-49 building payload
2025-12-05T17:28:54.1370169  [efris]  [OK] CREDIT_NOTE-1764944932307 - Offline TCS OK, invoiceNo=null
2025-12-05T17:28:54.141017  [efris]  [OK] CN-49 - CREDIT NOTE SENT: REF=26PL023007764
2025-12-05T18:21:21.3560204  [efris]  [OK] SALE-1764948079783 - Offline TCS OK, invoiceNo=325042755544
